TN:
SF:database\loansData.ts
FNF:0
FNH:0
DA:3,1
LF:1
LH:1
BRF:0
BRH:0
end_of_record
TN:
SF:src\app.ts
FN:9,(anonymous_1)
FN:18,(anonymous_2)
FN:20,(anonymous_3)
FN:31,(anonymous_4)
FN:43,(anonymous_5)
FN:63,(anonymous_6)
FN:65,(anonymous_7)
FN:88,(anonymous_8)
FN:90,(anonymous_9)
FNF:9
FNH:9
FNDA:1,(anonymous_1)
FNDA:1,(anonymous_2)
FNDA:4,(anonymous_3)
FNDA:5,(anonymous_4)
FNDA:7,(anonymous_5)
FNDA:4,(anonymous_6)
FNDA:7,(anonymous_7)
FNDA:2,(anonymous_8)
FNDA:5,(anonymous_9)
DA:1,1
DA:3,1
DA:4,1
DA:5,1
DA:6,1
DA:7,1
DA:9,1
DA:10,1
DA:11,1
DA:13,0
DA:14,0
DA:18,1
DA:19,1
DA:20,4
DA:21,1
DA:22,1
DA:24,0
DA:26,0
DA:27,0
DA:31,1
DA:32,5
DA:33,5
DA:35,5
DA:36,3
DA:39,2
DA:40,2
DA:41,2
DA:43,7
DA:44,2
DA:54,2
DA:55,2
DA:57,0
DA:58,0
DA:63,1
DA:64,4
DA:65,7
DA:66,4
DA:67,1
DA:70,3
DA:72,3
DA:73,1
DA:76,2
DA:77,2
DA:78,2
DA:80,2
DA:81,2
DA:83,0
DA:84,0
DA:88,1
DA:89,2
DA:90,5
DA:91,2
DA:92,1
DA:95,1
DA:96,1
DA:99,0
DA:100,0
DA:104,1
DA:105,1
DA:106,1
DA:108,1
LF:61
LH:50
BRDA:21,0,0,1
BRDA:35,1,0,3
BRDA:40,2,0,1
BRDA:40,2,1,1
BRDA:66,3,0,1
BRDA:72,4,0,1
BRDA:77,5,0,1
BRDA:77,5,1,1
BRDA:91,6,0,1
BRF:9
BRH:9
end_of_record
TN:
SF:src\utils.ts
FN:3,(anonymous_0)
FN:11,(anonymous_1)
FNF:2
FNH:2
FNDA:5,(anonymous_0)
FNDA:12,(anonymous_1)
DA:3,2
DA:4,5
DA:5,5
DA:6,5
DA:8,5
DA:11,2
DA:12,12
DA:14,12
DA:15,3
DA:18,9
DA:20,1
DA:23,8
DA:24,2
DA:27,6
DA:28,1
DA:31,5
LF:16
LH:16
BRDA:14,0,0,3
BRDA:14,1,0,12
BRDA:14,1,1,9
BRDA:14,1,2,9
BRDA:14,1,3,9
BRDA:14,1,4,9
BRDA:18,2,0,1
BRDA:18,3,0,9
BRDA:18,3,1,9
BRDA:18,3,2,8
BRDA:18,3,3,8
BRDA:18,3,4,8
BRDA:23,4,0,2
BRDA:23,5,0,8
BRDA:23,5,1,6
BRDA:27,6,0,1
BRDA:27,7,0,6
BRDA:27,7,1,6
BRF:18
BRH:18
end_of_record
